2025-02-22T23:38:59.770535+0300 ERROR ОШИБКА:  функция json_agg(integer, text) не существует
LINE 1: Select json_agg("graphID","name") FROM "graph" WHERE ownerID...
               ^
HINT:  Функция с данными именем и типами аргументов не найдена. Возможно, вам следует добавить явные приведения типов.

2025-02-23T02:42:02.827234+0300 ERROR ОШИБКА:  ошибка синтаксиса (примерное положение: "Select")
LINE 1: Select Select json_agg(json_build_object('id',"sessionID",'t...
               ^

2025-02-23T02:42:22.792051+0300 ERROR ОШИБКА:  ошибка синтаксиса (примерное положение: "Select")
LINE 1: Select Select json_agg(json_build_object('id',"sessionID",'t...
               ^

2025-02-24T10:22:40.674216+0300 ERROR ОШИБКА:  отношение "graph" не существует
LINE 2:             FROM "graph" WHERE ownerID = 261
                         ^

2025-02-24T10:22:50.512628+0300 ERROR ОШИБКА:  отношение "graph" не существует
LINE 2:             FROM "graph" WHERE ownerID = 261
                         ^

2025-02-24T10:23:40.492571+0300 ERROR ОШИБКА:  отношение "graph" не существует
LINE 2:             FROM "graph" WHERE ownerID = 261
                         ^

2025-02-24T10:29:14.245015+0300 ERROR ОШИБКА:  нет доступа к таблице users

